2020-11-17 07:38:17,147 - forum - INFO - ('*********************1', '---2')
2020-11-17 07:38:17,147 - forum - INFO - ('*********************2', '---2')
2020-11-17 07:38:17,147 - forum - INFO - ('*********************3', '---2')
2020-11-17 07:39:37,022 - forum - INFO - ('*********************1', '---2')
2020-11-17 07:39:37,022 - forum - INFO - ('*********************2', '2---2')
2020-11-17 07:39:37,022 - forum - INFO - ('*********************3', '2---2')
2020-11-17 09:11:33,175 - forum - INFO - ('*******************', <class 'NoneType'>)
2020-11-17 09:13:02,957 - forum - INFO - ('*******************', <class 'list'>)
2020-11-17 09:15:30,583 - forum - INFO - ('******************1*', <class 'list'>)
2020-11-17 09:15:30,584 - forum - INFO - ('******************2*', False)
2020-11-17 09:15:30,584 - forum - INFO - ('******************3*', True)
2020-11-17 09:15:30,584 - forum - INFO - ('******************4*', True)
2020-11-17 09:20:14,619 - forum - INFO - ('******************a*', False)
2020-11-17 09:20:14,619 - forum - INFO - ('******************b*', False)
2020-11-17 09:20:14,619 - forum - INFO - ('******************c*', True)
2020-11-17 09:20:14,619 - forum - INFO - ('******************d*', False)
2020-11-17 09:20:14,619 - forum - INFO - ('******************e*', False)
2020-11-17 09:21:22,928 - forum - INFO - ('******************a*', False)
2020-11-17 09:21:22,928 - forum - INFO - ('******************b*', False)
2020-11-17 09:21:22,928 - forum - INFO - ('******************c*', True)
2020-11-17 09:21:22,929 - forum - INFO - ('******************d*', False)
2020-11-17 09:21:22,929 - forum - INFO - ('******************e*', False)
2020-11-17 09:21:22,929 - forum - INFO - ('******************f*', 0)
2020-11-17 09:24:20,028 - forum - INFO - ('******************a*', False)
2020-11-17 09:24:20,028 - forum - INFO - ('******************b*', False)
2020-11-17 09:24:20,028 - forum - INFO - ('******************c*', True)
2020-11-17 09:24:20,029 - forum - INFO - ('******************d*', False)
2020-11-17 09:24:20,029 - forum - INFO - ('******************e*', False)
2020-11-17 09:24:20,029 - forum - INFO - ('******************f*', 0)
2020-11-17 09:25:58,427 - forum - INFO - ('******************a*', False)
2020-11-17 09:25:58,427 - forum - INFO - ('******************b*', False)
2020-11-17 09:25:58,427 - forum - INFO - ('******************c*', True)
2020-11-17 09:25:58,427 - forum - INFO - ('******************d*', False)
2020-11-17 09:25:58,427 - forum - INFO - ('******************e*', False)
2020-11-17 09:25:58,428 - forum - INFO - ('******************f*', 0)
2020-11-17 09:27:04,124 - forum - INFO - ('******************a*', False)
2020-11-17 09:27:04,124 - forum - INFO - ('******************b*', False)
2020-11-17 09:27:04,124 - forum - INFO - ('******************c*', True)
2020-11-17 09:27:04,124 - forum - INFO - ('******************d*', False)
2020-11-17 09:27:04,124 - forum - INFO - ('******************e*', False)
2020-11-17 09:27:04,124 - forum - INFO - ('******************f*', 1)
2020-11-17 09:29:01,418 - forum - INFO - ('******************a*', False)
2020-11-17 09:29:01,418 - forum - INFO - ('******************b*', False)
2020-11-17 09:29:01,418 - forum - INFO - ('******************c*', True)
2020-11-17 09:29:01,418 - forum - INFO - ('******************d*', False)
2020-11-17 09:29:01,419 - forum - INFO - ('******************e*', False)
2020-11-17 09:29:01,419 - forum - INFO - ('******************f*', 1)
2020-11-19 01:11:03,588 - forum - INFO - ('***********************', ['31', '32'])
